TN:
SF:/Users/sbeta/Desktop/tmp/subscription-contracts/contracts/SubscriptionManager.sol
FN:109,delegatedOwner
FN:140,
FN:175,isCancelled
FN:191,nextPaymentTimestamp
FN:222,getSubscription
FN:255,cancel
FN:284,cancel
FN:294,setWallet
FN:320,executeBatch
FN:333,getActionHash
FN:356,getSigner
FN:379,execute
FN:447,subscriberSubscriptionCount
FN:463,subscriberSubscriptionByIndex
FN:483,subscriberSubscriptionRange
FN:503,subscriptionCount
FN:512,subscriptionByIndex
FN:523,subscriptionRange
FN:540,_subscriptionExists
FN:556,_validateSubscriptionState
FN:571,_cancel
FN:593,_delete
FN:642,_create
FN:698,_replayGuard
FN:714,_getPeriodUnitHash
FN:744,_removeFromArrayAndSwap
FN:777,_paginate
FNF:27
FNH:27
FNDA:921,delegatedOwner
FNDA:132,
FNDA:1740,isCancelled
FNDA:1813,nextPaymentTimestamp
FNDA:9,getSubscription
FNDA:24,cancel
FNDA:22,cancel
FNDA:4,setWallet
FNDA:2,executeBatch
FNDA:20,getActionHash
FNDA:898,getSigner
FNDA:1746,execute
FNDA:6,subscriberSubscriptionCount
FNDA:74,subscriberSubscriptionByIndex
FNDA:2,subscriberSubscriptionRange
FNDA:412,subscriptionCount
FNDA:402,subscriptionByIndex
FNDA:6,subscriptionRange
FNDA:3478,_subscriptionExists
FNDA:1733,_validateSubscriptionState
FNDA:22,_cancel
FNDA:12,_delete
FNDA:1698,_create
FNDA:876,_replayGuard
FNDA:1734,_getPeriodUnitHash
FNDA:24,_removeFromArrayAndSwap
FNDA:8,_paginate
DA:114,921
DA:115,29
DA:117,23
DA:123,23
DA:125,21
DA:130,899
DA:146,132
DA:150,132
DA:154,132
DA:158,132
DA:163,132
DA:165,130
DA:167,130
DA:180,1740
DA:196,1813
DA:199,1813
DA:201,1813
DA:202,1805
DA:205,8
DA:206,4
DA:209,4
DA:210,4
DA:214,0
DA:236,9
DA:238,9
DA:262,24
DA:264,20
DA:270,20
DA:271,20
DA:272,20
DA:276,4
DA:285,22
DA:291,18
DA:311,4
DA:312,4
DA:313,4
DA:321,2
DA:322,28
DA:342,20
DA:361,898
DA:367,898
DA:380,1746
DA:383,1746
DA:384,2
DA:385,2
DA:388,1744
DA:391,1744
DA:392,4
DA:393,4
DA:397,1740
DA:398,4
DA:399,4
DA:403,1736
DA:404,2
DA:405,2
DA:409,1734
DA:410,1
DA:411,1
DA:414,1733
DA:415,1733
DA:416,1733
DA:418,1733
DA:424,1733
DA:425,5
DA:426,5
DA:430,1728
DA:432,1728
DA:436,1728
DA:438,1728
DA:452,6
DA:471,74
DA:472,74
DA:473,72
DA:492,2
DA:504,412
DA:513,402
DA:514,400
DA:528,6
DA:545,3478
DA:564,1733
DA:572,22
DA:577,18
DA:582,14
DA:584,14
DA:599,12
DA:604,12
DA:607,12
DA:614,12
DA:621,12
DA:623,12
DA:625,12
DA:653,1698
DA:659,1696
DA:664,1694
DA:665,1692
DA:667,1690
DA:679,1690
DA:680,1690
DA:681,1690
DA:684,1690
DA:685,1690
DA:687,1690
DA:691,1690
DA:699,876
DA:703,872
DA:719,1734
DA:720,1728
DA:723,4
DA:724,2
DA:727,2
DA:728,2
DA:732,0
DA:753,24
DA:754,24
DA:758,24
DA:759,4
DA:762,4
DA:764,4
DA:768,24
DA:769,24
DA:786,8
DA:787,2
DA:790,6
DA:792,6
DA:794,6
DA:795,239
LF:126
LH:124
BRDA:114,1,0,29
BRDA:114,1,1,892
BRDA:115,2,0,23
BRDA:115,2,1,6
BRDA:125,3,0,7
BRDA:125,3,1,14
BRDA:146,4,0,132
BRDA:146,4,1,0
BRDA:150,5,0,132
BRDA:150,5,1,0
BRDA:154,6,0,132
BRDA:154,6,1,0
BRDA:163,7,0,130
BRDA:163,7,1,2
BRDA:201,8,0,1805
BRDA:201,8,1,8
BRDA:205,9,0,4
BRDA:205,9,1,4
BRDA:209,10,0,4
BRDA:209,10,1,0
BRDA:214,11,0,0
BRDA:214,11,1,0
BRDA:262,12,0,20
BRDA:262,12,1,4
BRDA:272,13,0,4
BRDA:272,13,1,16
BRDA:285,14,0,18
BRDA:285,14,1,4
BRDA:311,15,0,4
BRDA:311,15,1,0
BRDA:383,16,0,2
BRDA:383,16,1,1744
BRDA:391,17,0,4
BRDA:391,17,1,1740
BRDA:397,18,0,4
BRDA:397,18,1,1736
BRDA:403,19,0,2
BRDA:403,19,1,1734
BRDA:409,20,0,1
BRDA:409,20,1,1733
BRDA:424,21,0,5
BRDA:424,21,1,1728
BRDA:472,22,0,72
BRDA:472,22,1,2
BRDA:513,23,0,400
BRDA:513,23,1,2
BRDA:572,24,0,18
BRDA:572,24,1,4
BRDA:577,25,0,14
BRDA:577,25,1,4
BRDA:599,26,0,12
BRDA:599,26,1,0
BRDA:653,27,0,1696
BRDA:653,27,1,2
BRDA:659,28,0,1694
BRDA:659,28,1,2
BRDA:664,29,0,1692
BRDA:664,29,1,2
BRDA:665,30,0,1690
BRDA:665,30,1,2
BRDA:699,31,0,872
BRDA:699,31,1,4
BRDA:719,32,0,1728
BRDA:719,32,1,4
BRDA:723,33,0,2
BRDA:723,33,1,2
BRDA:727,34,0,2
BRDA:727,34,1,0
BRDA:732,35,0,0
BRDA:732,35,1,0
BRDA:758,36,0,4
BRDA:758,36,1,20
BRDA:786,37,0,2
BRDA:786,37,1,6
BRF:74
BRH:63
end_of_record
TN:
SF:/Users/sbeta/Desktop/tmp/subscription-contracts/contracts/usecases/PlanSubscriptionManager.sol
FN:94,
FN:168,setAuthorizer
FN:203,addPlan
FN:239,removePlan
FN:273,setActive
FN:308,create
FN:381,_planExists
FN:390,_validateSubscriptionState
FN:416,_addPlan
FNF:9
FNH:9
FNDA:87,
FNDA:2,setAuthorizer
FNDA:873,addPlan
FNDA:9,removePlan
FNDA:11,setActive
FNDA:859,create
FNDA:1003,_planExists
FNDA:870,_validateSubscriptionState
FNDA:987,_addPlan
DA:106,87
DA:111,83
DA:112,81
DA:114,79
DA:115,79
DA:123,79
DA:127,79
DA:131,79
DA:135,79
DA:139,79
DA:143,79
DA:147,79
DA:156,73
DA:157,114
DA:185,2
DA:186,2
DA:187,2
DA:228,873
DA:254,9
DA:256,7
DA:257,7
DA:259,7
DA:292,11
DA:294,7
DA:296,7
DA:319,859
DA:321,859
DA:323,855
DA:328,853
DA:341,853
DA:343,851
DA:344,851
DA:345,851
DA:351,851
DA:352,6
DA:357,6
DA:363,847
DA:373,847
DA:382,1003
DA:399,870
DA:400,870
DA:426,987
DA:427,985
DA:429,983
DA:431,983
DA:436,979
DA:437,979
DA:438,979
DA:439,979
DA:440,979
DA:441,979
DA:443,979
LF:52
LH:52
BRDA:106,1,0,83
BRDA:106,1,1,4
BRDA:111,2,0,81
BRDA:111,2,1,2
BRDA:112,3,0,79
BRDA:112,3,1,2
BRDA:123,4,0,79
BRDA:123,4,1,0
BRDA:127,5,0,79
BRDA:127,5,1,0
BRDA:131,6,0,79
BRDA:131,6,1,0
BRDA:135,7,0,79
BRDA:135,7,1,0
BRDA:139,8,0,79
BRDA:139,8,1,0
BRDA:143,9,0,79
BRDA:143,9,1,0
BRDA:147,10,0,73
BRDA:147,10,1,6
BRDA:185,11,0,2
BRDA:185,11,1,0
BRDA:254,12,0,7
BRDA:254,12,1,2
BRDA:292,13,0,7
BRDA:292,13,1,4
BRDA:321,14,0,855
BRDA:321,14,1,4
BRDA:323,15,0,853
BRDA:323,15,1,2
BRDA:343,16,0,851
BRDA:343,16,1,0
BRDA:344,17,0,851
BRDA:344,17,1,0
BRDA:345,18,0,851
BRDA:345,18,1,0
BRDA:351,19,0,6
BRDA:351,19,1,845
BRDA:357,20,0,2
BRDA:357,20,1,4
BRDA:426,21,0,985
BRDA:426,21,1,2
BRDA:427,22,0,983
BRDA:427,22,1,2
BRDA:431,23,0,979
BRDA:431,23,1,4
BRF:46
BRH:36
end_of_record
