TN:
SF:/Users/smarx/subscription-contracts-internal-2019-03/contracts/SubscriptionManager.sol
FN:99,delegatedOwner
FN:121,constructor
FN:152,isCancelled
FN:168,isActive
FN:189,nextPaymentTimestamp
FN:206,getSubscription
FN:237,cancel
FN:258,cancel
FN:272,executeBatch
FN:285,getActionHash
FN:306,getSigner
FN:324,execute
FN:397,subscriberSubscriptionCount
FN:413,subscriberSubscriptionByIndex
FN:433,subscriberSubscriptionRange
FN:453,subscriptionCount
FN:462,subscriptionByIndex
FN:473,subscriptionRange
FN:491,_validateSubscriptionState
FN:505,_cancel
FN:549,_create
FN:614,_replayGuard
FN:630,_getPeriodUnitHash
FN:652,_removeFromArrayAndSwap
FN:685,_paginate
FNF:25
FNH:25
FNDA:898,delegatedOwner
FNDA:115,constructor
FNDA:4,isCancelled
FNDA:6,isActive
FNDA:25,nextPaymentTimestamp
FNDA:3,getSubscription
FNDA:20,cancel
FNDA:16,cancel
FNDA:2,executeBatch
FNDA:20,getActionHash
FNDA:888,getSigner
FNDA:81,execute
FNDA:6,subscriberSubscriptionCount
FNDA:74,subscriberSubscriptionByIndex
FNDA:2,subscriberSubscriptionRange
FNDA:412,subscriptionCount
FNDA:402,subscriptionByIndex
FNDA:6,subscriptionRange
FNDA:61,_validateSubscriptionState
FNDA:23,_cancel
FNDA:1696,_create
FNDA:866,_replayGuard
FNDA:1726,_getPeriodUnitHash
FNDA:38,_removeFromArrayAndSwap
FNDA:8,_paginate
DA:100,898
DA:101,14
DA:104,14
DA:106,12
DA:111,888
DA:127,115
DA:131,115
DA:135,115
DA:140,115
DA:142,113
DA:144,113
DA:157,4
DA:173,6
DA:194,25
DA:195,2
DA:198,23
DA:219,3
DA:221,3
DA:243,20
DA:244,20
DA:245,20
DA:246,20
DA:250,4
DA:259,16
DA:265,12
DA:273,2
DA:274,28
DA:293,20
DA:311,888
DA:317,888
DA:325,81
DA:329,81
DA:335,69
DA:341,61
DA:344,59
DA:347,59
DA:349,59
DA:350,55
DA:352,2
DA:354,2
DA:357,59
DA:358,59
DA:360,59
DA:365,59
DA:367,54
DA:373,54
DA:376,59
DA:384,59
DA:387,7
DA:402,6
DA:421,74
DA:422,74
DA:423,72
DA:442,2
DA:454,412
DA:463,402
DA:464,400
DA:478,6
DA:506,23
DA:507,23
DA:513,19
DA:520,19
DA:527,19
DA:529,19
DA:531,19
DA:561,1696
DA:567,1694
DA:572,1692
DA:573,1690
DA:576,1688
DA:578,1688
DA:580,1688
DA:592,1688
DA:595,1688
DA:596,1688
DA:597,1688
DA:600,1688
DA:601,1688
DA:603,1688
DA:604,16
DA:607,1688
DA:615,866
DA:619,862
DA:635,1726
DA:636,1722
DA:638,2
DA:641,2
DA:661,38
DA:662,38
DA:666,38
DA:667,4
DA:670,4
DA:672,4
DA:676,38
DA:677,38
DA:694,8
DA:695,2
DA:698,6
DA:700,6
DA:702,6
DA:703,239
LF:101
LH:101
BRDA:100,1,0,14
BRDA:100,1,1,884
BRDA:106,2,0,4
BRDA:106,2,1,8
BRDA:127,3,0,115
BRDA:127,3,1,0
BRDA:131,4,0,115
BRDA:131,4,1,0
BRDA:140,5,0,113
BRDA:140,5,1,2
BRDA:194,6,0,2
BRDA:194,6,1,23
BRDA:246,7,0,4
BRDA:246,7,1,16
BRDA:259,8,0,12
BRDA:259,8,1,4
BRDA:329,9,0,69
BRDA:329,9,1,12
BRDA:335,10,0,61
BRDA:335,10,1,8
BRDA:349,11,0,55
BRDA:349,11,1,4
BRDA:351,12,0,2
BRDA:351,12,1,2
BRDA:353,13,0,2
BRDA:353,13,1,0
BRDA:365,14,0,54
BRDA:365,14,1,5
BRDA:384,15,0,7
BRDA:384,15,1,52
BRDA:422,16,0,72
BRDA:422,16,1,2
BRDA:463,17,0,400
BRDA:463,17,1,2
BRDA:507,18,0,19
BRDA:507,18,1,4
BRDA:561,19,0,1694
BRDA:561,19,1,2
BRDA:567,20,0,1692
BRDA:567,20,1,2
BRDA:572,21,0,1690
BRDA:572,21,1,2
BRDA:573,22,0,1688
BRDA:573,22,1,2
BRDA:603,23,0,16
BRDA:603,23,1,1672
BRDA:615,24,0,862
BRDA:615,24,1,4
BRDA:635,25,0,1722
BRDA:635,25,1,4
BRDA:637,26,0,2
BRDA:637,26,1,2
BRDA:666,27,0,4
BRDA:666,27,1,34
BRDA:694,28,0,2
BRDA:694,28,1,6
BRF:56
BRH:53
end_of_record
TN:
SF:/Users/smarx/subscription-contracts-internal-2019-03/contracts/usecases/PlanSubscriptionManager.sol
FN:85,constructor
FN:164,addPlan
FN:194,removePlan
FN:223,setActive
FN:253,create
FN:320,_validateSubscriptionState
FN:343,_addPlan
FNF:7
FNH:7
FNDA:75,constructor
FNDA:870,addPlan
FNDA:7,removePlan
FNDA:11,setActive
FNDA:858,create
FNDA:34,_validateSubscriptionState
FNDA:963,_addPlan
DA:97,75
DA:102,71
DA:103,69
DA:105,67
DA:106,67
DA:111,67
DA:115,67
DA:119,67
DA:123,67
DA:127,67
DA:131,67
DA:140,61
DA:141,93
DA:184,870
DA:204,7
DA:205,7
DA:207,7
DA:208,7
DA:210,7
DA:237,11
DA:238,11
DA:239,7
DA:241,7
DA:263,858
DA:265,858
DA:267,854
DA:272,852
DA:284,852
DA:286,850
DA:288,850
DA:289,6
DA:295,6
DA:301,846
DA:312,846
DA:327,34
DA:329,34
DA:330,34
DA:353,963
DA:354,961
DA:356,959
DA:358,959
DA:363,955
DA:364,955
DA:365,955
DA:366,955
DA:367,955
DA:368,955
DA:370,955
LF:48
LH:48
BRDA:97,1,0,71
BRDA:97,1,1,4
BRDA:102,2,0,69
BRDA:102,2,1,2
BRDA:103,3,0,67
BRDA:103,3,1,2
BRDA:111,4,0,67
BRDA:111,4,1,0
BRDA:115,5,0,67
BRDA:115,5,1,0
BRDA:119,6,0,67
BRDA:119,6,1,0
BRDA:123,7,0,67
BRDA:123,7,1,0
BRDA:127,8,0,67
BRDA:127,8,1,0
BRDA:131,9,0,61
BRDA:131,9,1,6
BRDA:205,10,0,7
BRDA:205,10,1,0
BRDA:238,11,0,7
BRDA:238,11,1,4
BRDA:265,12,0,854
BRDA:265,12,1,4
BRDA:267,13,0,852
BRDA:267,13,1,2
BRDA:288,14,0,6
BRDA:288,14,1,844
BRDA:295,15,0,2
BRDA:295,15,1,4
BRDA:330,16,0,32
BRDA:330,16,1,2
BRDA:353,17,0,961
BRDA:353,17,1,2
BRDA:354,18,0,959
BRDA:354,18,1,2
BRDA:358,19,0,955
BRDA:358,19,1,4
BRF:38
BRH:32
end_of_record
